[2021-02-25 19:19:57] local.ERROR: Too few arguments to function Illuminate\Routing\RouteFileRegistrar::{closure}(), 0 passed in D:\OpenServer\domains\blog\vendor\laravel\framework\src\Illuminate\Routing\Route.php on line 230 and exactly 1 expected {"exception":"[object] (ArgumentCountError(code: 0): Too few arguments to function Illuminate\\Routing\\RouteFileRegistrar::{closure}(), 0 passed in D:\\OpenServer\\domains\\blog\\vendor\\laravel\\framework\\src\\Illuminate\\Routing\\Route.php on line 230 and exactly 1 expected at D:\\OpenServer\\domains\\blog\outes\\web.php:19)
[stacktrace]
#0 D:\\OpenServer\\domains\\blog\\vendor\\laravel\\framework\\src\\Illuminate\\Routing\\Route.php(230): Illuminate\\Routing\\RouteFileRegistrar->{closure}()
#1 D:\\OpenServer\\domains\\blog\\vendor\\laravel\\framework\\src\\Illuminate\\Routing\\Route.php(200): Illuminate\\Routing\\Route->runCallable()
#2 D:\\OpenServer\\domains\\blog\\vendor\\laravel\\framework\\src\\Illuminate\\Routing\\Router.php(693): Illuminate\\Routing\\Route->run()
#3 D:\\OpenServer\\domains\\blog\\vendor\\laravel\\framework\\src\\Illuminate\\Pipeline\\Pipeline.php(128): Illuminate\\Routing\\Router->Illuminate\\Routing\\{closure}()
#4 D:\\OpenServer\\domains\\blog\\vendor\\laravel\\framework\\src\\Illuminate\\Routing\\Middleware\\SubstituteBindings.php(50): Illuminate\\Pipeline\\Pipeline->Illuminate\\Pipeline\\{closure}()
#5 D:\\OpenServer\\domains\\blog\\vendor\\laravel\\framework\\src\\Illuminate\\Pipeline\\Pipeline.php(167): Illuminate\\Routing\\Middleware\\SubstituteBindings->handle()
#6 D:\\OpenServer\\domains\\blog\\vendor\\laravel\\framework\\src\\Illuminate\\Foundation\\Http\\Middleware\\VerifyCsrfToken.php(78): Illuminate\\Pipeline\\Pipeline->Illuminate\\Pipeline\\{closure}()
#7 D:\\OpenServer\\domains\\blog\\vendor\\laravel\\framework\\src\\Illuminate\\Pipeline\\Pipeline.php(167): Illuminate\\Foundation\\Http\\Middleware\\VerifyCsrfToken->handle()
#8 D:\\OpenServer\\domains\\blog\\vendor\\laravel\\framework\\src\\Illuminate\\View\\Middleware\\ShareErrorsFromSession.php(49): Illuminate\\Pipeline\\Pipeline->Illuminate\\Pipeline\\{closure}()
#9 D:\\OpenServer\\domains\\blog\\vendor\\laravel\\framework\\src\\Illuminate\\Pipeline\\Pipeline.php(167): Illuminate\\View\\Middleware\\ShareErrorsFromSession->handle()
#10 D:\\OpenServer\\domains\\blog\\vendor\\laravel\\framework\\src\\Illuminate\\Session\\Middleware\\StartSession.php(121): Illuminate\\Pipeline\\Pipeline->Illuminate\\Pipeline\\{closure}()
#11 D:\\OpenServer\\domains\\blog\\vendor\\laravel\\framework\\src\\Illuminate\\Session\\Middleware\\StartSession.php(63): Illuminate\\Session\\Middleware\\StartSession->handleStatefulRequest()
#12 D:\\OpenServer\\domains\\blog\\vendor\\laravel\\framework\\src\\Illuminate\\Pipeline\\Pipeline.php(167): Illuminate\\Session\\Middleware\\StartSession->handle()
#13 D:\\OpenServer\\domains\\blog\\vendor\\laravel\\framework\\src\\Illuminate\\Cookie\\Middleware\\AddQueuedCookiesToResponse.php(37): Illuminate\\Pipeline\\Pipeline->Illuminate\\Pipeline\\{closure}()
#14 D:\\OpenServer\\domains\\blog\\vendor\\laravel\\framework\\src\\Illuminate\\Pipeline\\Pipeline.php(167): Illuminate\\Cookie\\Middleware\\AddQueuedCookiesToResponse->handle()
#15 D:\\OpenServer\\domains\\blog\\vendor\\laravel\\framework\\src\\Illuminate\\Cookie\\Middleware\\EncryptCookies.php(67): Illuminate\\Pipeline\\Pipeline->Illuminate\\Pipeline\\{closure}()
#16 D:\\OpenServer\\domains\\blog\\vendor\\laravel\\framework\\src\\Illuminate\\Pipeline\\Pipeline.php(167): Illuminate\\Cookie\\Middleware\\EncryptCookies->handle()
#17 D:\\OpenServer\\domains\\blog\\vendor\\laravel\\framework\\src\\Illuminate\\Pipeline\\Pipeline.php(103): Illuminate\\Pipeline\\Pipeline->Illuminate\\Pipeline\\{closure}()
#18 D:\\OpenServer\\domains\\blog\\vendor\\laravel\\framework\\src\\Illuminate\\Routing\\Router.php(695): Illuminate\\Pipeline\\Pipeline->then()
#19 D:\\OpenServer\\domains\\blog\\vendor\\laravel\\framework\\src\\Illuminate\\Routing\\Router.php(670): Illuminate\\Routing\\Router->runRouteWithinStack()
#20 D:\\OpenServer\\domains\\blog\\vendor\\laravel\\framework\\src\\Illuminate\\Routing\\Router.php(636): Illuminate\\Routing\\Router->runRoute()
#21 D:\\OpenServer\\domains\\blog\\vendor\\laravel\\framework\\src\\Illuminate\\Routing\\Router.php(625): Illuminate\\Routing\\Router->dispatchToRoute()
#22 D:\\OpenServer\\domains\\blog\\vendor\\laravel\\framework\\src\\Illuminate\\Foundation\\Http\\Kernel.php(166): Illuminate\\Routing\\Router->dispatch()
#23 D:\\OpenServer\\domains\\blog\\vendor\\laravel\\framework\\src\\Illuminate\\Pipeline\\Pipeline.php(128): Illuminate\\Foundation\\Http\\Kernel->Illuminate\\Foundation\\Http\\{closure}()
#24 D:\\OpenServer\\domains\\blog\\vendor\\laravel\\framework\\src\\Illuminate\\Foundation\\Http\\Middleware\\TransformsRequest.php(21): Illuminate\\Pipeline\\Pipeline->Illuminate\\Pipeline\\{closure}()
#25 D:\\OpenServer\\domains\\blog\\vendor\\laravel\\framework\\src\\Illuminate\\Pipeline\\Pipeline.php(167): Illuminate\\Foundation\\Http\\Middleware\\TransformsRequest->handle()
#26 D:\\OpenServer\\domains\\blog\\vendor\\laravel\\framework\\src\\Illuminate\\Foundation\\Http\\Middleware\\TransformsRequest.php(21): Illuminate\\Pipeline\\Pipeline->Illuminate\\Pipeline\\{closure}()
#27 D:\\OpenServer\\domains\\blog\\vendor\\laravel\\framework\\src\\Illuminate\\Pipeline\\Pipeline.php(167): Illuminate\\Foundation\\Http\\Middleware\\TransformsRequest->handle()
#28 D:\\OpenServer\\domains\\blog\\vendor\\laravel\\framework\\src\\Illuminate\\Foundation\\Http\\Middleware\\ValidatePostSize.php(27): Illuminate\\Pipeline\\Pipeline->Illuminate\\Pipeline\\{closure}()
#29 D:\\OpenServer\\domains\\blog\\vendor\\laravel\\framework\\src\\Illuminate\\Pipeline\\Pipeline.php(167): Illuminate\\Foundation\\Http\\Middleware\\ValidatePostSize->handle()
#30 D:\\OpenServer\\domains\\blog\\vendor\\laravel\\framework\\src\\Illuminate\\Foundation\\Http\\Middleware\\PreventRequestsDuringMaintenance.php(86): Illuminate\\Pipeline\\Pipeline->Illuminate\\Pipeline\\{closure}()
#31 D:\\OpenServer\\domains\\blog\\vendor\\laravel\\framework\\src\\Illuminate\\Pipeline\\Pipeline.php(167): Illuminate\\Foundation\\Http\\Middleware\\PreventRequestsDuringMaintenance->handle()
#32 D:\\OpenServer\\domains\\blog\\vendor\\fruitcake\\laravel-cors\\src\\HandleCors.php(37): Illuminate\\Pipeline\\Pipeline->Illuminate\\Pipeline\\{closure}()
#33 D:\\OpenServer\\domains\\blog\\vendor\\laravel\\framework\\src\\Illuminate\\Pipeline\\Pipeline.php(167): Fruitcake\\Cors\\HandleCors->handle()
#34 D:\\OpenServer\\domains\\blog\\vendor\\fideloper\\proxy\\src\\TrustProxies.php(57): Illuminate\\Pipeline\\Pipeline->Illuminate\\Pipeline\\{closure}()
#35 D:\\OpenServer\\domains\\blog\\vendor\\laravel\\framework\\src\\Illuminate\\Pipeline\\Pipeline.php(167): Fideloper\\Proxy\\TrustProxies->handle()
#36 D:\\OpenServer\\domains\\blog\\vendor\\laravel\\framework\\src\\Illuminate\\Pipeline\\Pipeline.php(103): Illuminate\\Pipeline\\Pipeline->Illuminate\\Pipeline\\{closure}()
#37 D:\\OpenServer\\domains\\blog\\vendor\\laravel\\framework\\src\\Illuminate\\Foundation\\Http\\Kernel.php(141): Illuminate\\Pipeline\\Pipeline->then()
#38 D:\\OpenServer\\domains\\blog\\vendor\\laravel\\framework\\src\\Illuminate\\Foundation\\Http\\Kernel.php(110): Illuminate\\Foundation\\Http\\Kernel->sendRequestThroughRouter()
#39 D:\\OpenServer\\domains\\blog\\public\\index.php(52): Illuminate\\Foundation\\Http\\Kernel->handle()
#40 {main}
"} 
[2021-02-25 19:21:25] local.ERROR: Too few arguments to function Illuminate\Routing\RouteFileRegistrar::{closure}(), 0 passed in D:\OpenServer\domains\blog\vendor\laravel\framework\src\Illuminate\Routing\Route.php on line 230 and exactly 1 expected {"exception":"[object] (ArgumentCountError(code: 0): Too few arguments to function Illuminate\\Routing\\RouteFileRegistrar::{closure}(), 0 passed in D:\\OpenServer\\domains\\blog\\vendor\\laravel\\framework\\src\\Illuminate\\Routing\\Route.php on line 230 and exactly 1 expected at D:\\OpenServer\\domains\\blog\outes\\web.php:19)
[stacktrace]
#0 D:\\OpenServer\\domains\\blog\\vendor\\laravel\\framework\\src\\Illuminate\\Routing\\Route.php(230): Illuminate\\Routing\\RouteFileRegistrar->{closure}()
#1 D:\\OpenServer\\domains\\blog\\vendor\\laravel\\framework\\src\\Illuminate\\Routing\\Route.php(200): Illuminate\\Routing\\Route->runCallable()
#2 D:\\OpenServer\\domains\\blog\\vendor\\laravel\\framework\\src\\Illuminate\\Routing\\Router.php(693): Illuminate\\Routing\\Route->run()
#3 D:\\OpenServer\\domains\\blog\\vendor\\laravel\\framework\\src\\Illuminate\\Pipeline\\Pipeline.php(128): Illuminate\\Routing\\Router->Illuminate\\Routing\\{closure}()
#4 D:\\OpenServer\\domains\\blog\\vendor\\laravel\\framework\\src\\Illuminate\\Routing\\Middleware\\SubstituteBindings.php(50): Illuminate\\Pipeline\\Pipeline->Illuminate\\Pipeline\\{closure}()
#5 D:\\OpenServer\\domains\\blog\\vendor\\laravel\\framework\\src\\Illuminate\\Pipeline\\Pipeline.php(167): Illuminate\\Routing\\Middleware\\SubstituteBindings->handle()
#6 D:\\OpenServer\\domains\\blog\\vendor\\laravel\\framework\\src\\Illuminate\\Foundation\\Http\\Middleware\\VerifyCsrfToken.php(78): Illuminate\\Pipeline\\Pipeline->Illuminate\\Pipeline\\{closure}()
#7 D:\\OpenServer\\domains\\blog\\vendor\\laravel\\framework\\src\\Illuminate\\Pipeline\\Pipeline.php(167): Illuminate\\Foundation\\Http\\Middleware\\VerifyCsrfToken->handle()
#8 D:\\OpenServer\\domains\\blog\\vendor\\laravel\\framework\\src\\Illuminate\\View\\Middleware\\ShareErrorsFromSession.php(49): Illuminate\\Pipeline\\Pipeline->Illuminate\\Pipeline\\{closure}()
#9 D:\\OpenServer\\domains\\blog\\vendor\\laravel\\framework\\src\\Illuminate\\Pipeline\\Pipeline.php(167): Illuminate\\View\\Middleware\\ShareErrorsFromSession->handle()
#10 D:\\OpenServer\\domains\\blog\\vendor\\laravel\\framework\\src\\Illuminate\\Session\\Middleware\\StartSession.php(121): Illuminate\\Pipeline\\Pipeline->Illuminate\\Pipeline\\{closure}()
#11 D:\\OpenServer\\domains\\blog\\vendor\\laravel\\framework\\src\\Illuminate\\Session\\Middleware\\StartSession.php(63): Illuminate\\Session\\Middleware\\StartSession->handleStatefulRequest()
#12 D:\\OpenServer\\domains\\blog\\vendor\\laravel\\framework\\src\\Illuminate\\Pipeline\\Pipeline.php(167): Illuminate\\Session\\Middleware\\StartSession->handle()
#13 D:\\OpenServer\\domains\\blog\\vendor\\laravel\\framework\\src\\Illuminate\\Cookie\\Middleware\\AddQueuedCookiesToResponse.php(37): Illuminate\\Pipeline\\Pipeline->Illuminate\\Pipeline\\{closure}()
#14 D:\\OpenServer\\domains\\blog\\vendor\\laravel\\framework\\src\\Illuminate\\Pipeline\\Pipeline.php(167): Illuminate\\Cookie\\Middleware\\AddQueuedCookiesToResponse->handle()
#15 D:\\OpenServer\\domains\\blog\\vendor\\laravel\\framework\\src\\Illuminate\\Cookie\\Middleware\\EncryptCookies.php(67): Illuminate\\Pipeline\\Pipeline->Illuminate\\Pipeline\\{closure}()
#16 D:\\OpenServer\\domains\\blog\\vendor\\laravel\\framework\\src\\Illuminate\\Pipeline\\Pipeline.php(167): Illuminate\\Cookie\\Middleware\\EncryptCookies->handle()
#17 D:\\OpenServer\\domains\\blog\\vendor\\laravel\\framework\\src\\Illuminate\\Pipeline\\Pipeline.php(103): Illuminate\\Pipeline\\Pipeline->Illuminate\\Pipeline\\{closure}()
#18 D:\\OpenServer\\domains\\blog\\vendor\\laravel\\framework\\src\\Illuminate\\Routing\\Router.php(695): Illuminate\\Pipeline\\Pipeline->then()
#19 D:\\OpenServer\\domains\\blog\\vendor\\laravel\\framework\\src\\Illuminate\\Routing\\Router.php(670): Illuminate\\Routing\\Router->runRouteWithinStack()
#20 D:\\OpenServer\\domains\\blog\\vendor\\laravel\\framework\\src\\Illuminate\\Routing\\Router.php(636): Illuminate\\Routing\\Router->runRoute()
#21 D:\\OpenServer\\domains\\blog\\vendor\\laravel\\framework\\src\\Illuminate\\Routing\\Router.php(625): Illuminate\\Routing\\Router->dispatchToRoute()
#22 D:\\OpenServer\\domains\\blog\\vendor\\laravel\\framework\\src\\Illuminate\\Foundation\\Http\\Kernel.php(166): Illuminate\\Routing\\Router->dispatch()
#23 D:\\OpenServer\\domains\\blog\\vendor\\laravel\\framework\\src\\Illuminate\\Pipeline\\Pipeline.php(128): Illuminate\\Foundation\\Http\\Kernel->Illuminate\\Foundation\\Http\\{closure}()
#24 D:\\OpenServer\\domains\\blog\\vendor\\laravel\\framework\\src\\Illuminate\\Foundation\\Http\\Middleware\\TransformsRequest.php(21): Illuminate\\Pipeline\\Pipeline->Illuminate\\Pipeline\\{closure}()
#25 D:\\OpenServer\\domains\\blog\\vendor\\laravel\\framework\\src\\Illuminate\\Pipeline\\Pipeline.php(167): Illuminate\\Foundation\\Http\\Middleware\\TransformsRequest->handle()
#26 D:\\OpenServer\\domains\\blog\\vendor\\laravel\\framework\\src\\Illuminate\\Foundation\\Http\\Middleware\\TransformsRequest.php(21): Illuminate\\Pipeline\\Pipeline->Illuminate\\Pipeline\\{closure}()
#27 D:\\OpenServer\\domains\\blog\\vendor\\laravel\\framework\\src\\Illuminate\\Pipeline\\Pipeline.php(167): Illuminate\\Foundation\\Http\\Middleware\\TransformsRequest->handle()
#28 D:\\OpenServer\\domains\\blog\\vendor\\laravel\\framework\\src\\Illuminate\\Foundation\\Http\\Middleware\\ValidatePostSize.php(27): Illuminate\\Pipeline\\Pipeline->Illuminate\\Pipeline\\{closure}()
#29 D:\\OpenServer\\domains\\blog\\vendor\\laravel\\framework\\src\\Illuminate\\Pipeline\\Pipeline.php(167): Illuminate\\Foundation\\Http\\Middleware\\ValidatePostSize->handle()
#30 D:\\OpenServer\\domains\\blog\\vendor\\laravel\\framework\\src\\Illuminate\\Foundation\\Http\\Middleware\\PreventRequestsDuringMaintenance.php(86): Illuminate\\Pipeline\\Pipeline->Illuminate\\Pipeline\\{closure}()
#31 D:\\OpenServer\\domains\\blog\\vendor\\laravel\\framework\\src\\Illuminate\\Pipeline\\Pipeline.php(167): Illuminate\\Foundation\\Http\\Middleware\\PreventRequestsDuringMaintenance->handle()
#32 D:\\OpenServer\\domains\\blog\\vendor\\fruitcake\\laravel-cors\\src\\HandleCors.php(37): Illuminate\\Pipeline\\Pipeline->Illuminate\\Pipeline\\{closure}()
#33 D:\\OpenServer\\domains\\blog\\vendor\\laravel\\framework\\src\\Illuminate\\Pipeline\\Pipeline.php(167): Fruitcake\\Cors\\HandleCors->handle()
#34 D:\\OpenServer\\domains\\blog\\vendor\\fideloper\\proxy\\src\\TrustProxies.php(57): Illuminate\\Pipeline\\Pipeline->Illuminate\\Pipeline\\{closure}()
#35 D:\\OpenServer\\domains\\blog\\vendor\\laravel\\framework\\src\\Illuminate\\Pipeline\\Pipeline.php(167): Fideloper\\Proxy\\TrustProxies->handle()
#36 D:\\OpenServer\\domains\\blog\\vendor\\laravel\\framework\\src\\Illuminate\\Pipeline\\Pipeline.php(103): Illuminate\\Pipeline\\Pipeline->Illuminate\\Pipeline\\{closure}()
#37 D:\\OpenServer\\domains\\blog\\vendor\\laravel\\framework\\src\\Illuminate\\Foundation\\Http\\Kernel.php(141): Illuminate\\Pipeline\\Pipeline->then()
#38 D:\\OpenServer\\domains\\blog\\vendor\\laravel\\framework\\src\\Illuminate\\Foundation\\Http\\Kernel.php(110): Illuminate\\Foundation\\Http\\Kernel->sendRequestThroughRouter()
#39 D:\\OpenServer\\domains\\blog\\public\\index.php(52): Illuminate\\Foundation\\Http\\Kernel->handle()
#40 {main}
"} 
[2021-02-25 19:23:03] local.ERROR: Too few arguments to function Illuminate\Routing\RouteFileRegistrar::{closure}(), 0 passed in D:\OpenServer\domains\blog\vendor\laravel\framework\src\Illuminate\Routing\Route.php on line 230 and exactly 1 expected {"exception":"[object] (ArgumentCountError(code: 0): Too few arguments to function Illuminate\\Routing\\RouteFileRegistrar::{closure}(), 0 passed in D:\\OpenServer\\domains\\blog\\vendor\\laravel\\framework\\src\\Illuminate\\Routing\\Route.php on line 230 and exactly 1 expected at D:\\OpenServer\\domains\\blog\outes\\web.php:22)
[stacktrace]
#0 D:\\OpenServer\\domains\\blog\\vendor\\laravel\\framework\\src\\Illuminate\\Routing\\Route.php(230): Illuminate\\Routing\\RouteFileRegistrar->{closure}()
#1 D:\\OpenServer\\domains\\blog\\vendor\\laravel\\framework\\src\\Illuminate\\Routing\\Route.php(200): Illuminate\\Routing\\Route->runCallable()
#2 D:\\OpenServer\\domains\\blog\\vendor\\laravel\\framework\\src\\Illuminate\\Routing\\Router.php(693): Illuminate\\Routing\\Route->run()
#3 D:\\OpenServer\\domains\\blog\\vendor\\laravel\\framework\\src\\Illuminate\\Pipeline\\Pipeline.php(128): Illuminate\\Routing\\Router->Illuminate\\Routing\\{closure}()
#4 D:\\OpenServer\\domains\\blog\\vendor\\laravel\\framework\\src\\Illuminate\\Routing\\Middleware\\SubstituteBindings.php(50): Illuminate\\Pipeline\\Pipeline->Illuminate\\Pipeline\\{closure}()
#5 D:\\OpenServer\\domains\\blog\\vendor\\laravel\\framework\\src\\Illuminate\\Pipeline\\Pipeline.php(167): Illuminate\\Routing\\Middleware\\SubstituteBindings->handle()
#6 D:\\OpenServer\\domains\\blog\\vendor\\laravel\\framework\\src\\Illuminate\\Foundation\\Http\\Middleware\\VerifyCsrfToken.php(78): Illuminate\\Pipeline\\Pipeline->Illuminate\\Pipeline\\{closure}()
#7 D:\\OpenServer\\domains\\blog\\vendor\\laravel\\framework\\src\\Illuminate\\Pipeline\\Pipeline.php(167): Illuminate\\Foundation\\Http\\Middleware\\VerifyCsrfToken->handle()
#8 D:\\OpenServer\\domains\\blog\\vendor\\laravel\\framework\\src\\Illuminate\\View\\Middleware\\ShareErrorsFromSession.php(49): Illuminate\\Pipeline\\Pipeline->Illuminate\\Pipeline\\{closure}()
#9 D:\\OpenServer\\domains\\blog\\vendor\\laravel\\framework\\src\\Illuminate\\Pipeline\\Pipeline.php(167): Illuminate\\View\\Middleware\\ShareErrorsFromSession->handle()
#10 D:\\OpenServer\\domains\\blog\\vendor\\laravel\\framework\\src\\Illuminate\\Session\\Middleware\\StartSession.php(121): Illuminate\\Pipeline\\Pipeline->Illuminate\\Pipeline\\{closure}()
#11 D:\\OpenServer\\domains\\blog\\vendor\\laravel\\framework\\src\\Illuminate\\Session\\Middleware\\StartSession.php(63): Illuminate\\Session\\Middleware\\StartSession->handleStatefulRequest()
#12 D:\\OpenServer\\domains\\blog\\vendor\\laravel\\framework\\src\\Illuminate\\Pipeline\\Pipeline.php(167): Illuminate\\Session\\Middleware\\StartSession->handle()
#13 D:\\OpenServer\\domains\\blog\\vendor\\laravel\\framework\\src\\Illuminate\\Cookie\\Middleware\\AddQueuedCookiesToResponse.php(37): Illuminate\\Pipeline\\Pipeline->Illuminate\\Pipeline\\{closure}()
#14 D:\\OpenServer\\domains\\blog\\vendor\\laravel\\framework\\src\\Illuminate\\Pipeline\\Pipeline.php(167): Illuminate\\Cookie\\Middleware\\AddQueuedCookiesToResponse->handle()
#15 D:\\OpenServer\\domains\\blog\\vendor\\laravel\\framework\\src\\Illuminate\\Cookie\\Middleware\\EncryptCookies.php(67): Illuminate\\Pipeline\\Pipeline->Illuminate\\Pipeline\\{closure}()
#16 D:\\OpenServer\\domains\\blog\\vendor\\laravel\\framework\\src\\Illuminate\\Pipeline\\Pipeline.php(167): Illuminate\\Cookie\\Middleware\\EncryptCookies->handle()
#17 D:\\OpenServer\\domains\\blog\\vendor\\laravel\\framework\\src\\Illuminate\\Pipeline\\Pipeline.php(103): Illuminate\\Pipeline\\Pipeline->Illuminate\\Pipeline\\{closure}()
#18 D:\\OpenServer\\domains\\blog\\vendor\\laravel\\framework\\src\\Illuminate\\Routing\\Router.php(695): Illuminate\\Pipeline\\Pipeline->then()
#19 D:\\OpenServer\\domains\\blog\\vendor\\laravel\\framework\\src\\Illuminate\\Routing\\Router.php(670): Illuminate\\Routing\\Router->runRouteWithinStack()
#20 D:\\OpenServer\\domains\\blog\\vendor\\laravel\\framework\\src\\Illuminate\\Routing\\Router.php(636): Illuminate\\Routing\\Router->runRoute()
#21 D:\\OpenServer\\domains\\blog\\vendor\\laravel\\framework\\src\\Illuminate\\Routing\\Router.php(625): Illuminate\\Routing\\Router->dispatchToRoute()
#22 D:\\OpenServer\\domains\\blog\\vendor\\laravel\\framework\\src\\Illuminate\\Foundation\\Http\\Kernel.php(166): Illuminate\\Routing\\Router->dispatch()
#23 D:\\OpenServer\\domains\\blog\\vendor\\laravel\\framework\\src\\Illuminate\\Pipeline\\Pipeline.php(128): Illuminate\\Foundation\\Http\\Kernel->Illuminate\\Foundation\\Http\\{closure}()
#24 D:\\OpenServer\\domains\\blog\\vendor\\laravel\\framework\\src\\Illuminate\\Foundation\\Http\\Middleware\\TransformsRequest.php(21): Illuminate\\Pipeline\\Pipeline->Illuminate\\Pipeline\\{closure}()
#25 D:\\OpenServer\\domains\\blog\\vendor\\laravel\\framework\\src\\Illuminate\\Pipeline\\Pipeline.php(167): Illuminate\\Foundation\\Http\\Middleware\\TransformsRequest->handle()
#26 D:\\OpenServer\\domains\\blog\\vendor\\laravel\\framework\\src\\Illuminate\\Foundation\\Http\\Middleware\\TransformsRequest.php(21): Illuminate\\Pipeline\\Pipeline->Illuminate\\Pipeline\\{closure}()
#27 D:\\OpenServer\\domains\\blog\\vendor\\laravel\\framework\\src\\Illuminate\\Pipeline\\Pipeline.php(167): Illuminate\\Foundation\\Http\\Middleware\\TransformsRequest->handle()
#28 D:\\OpenServer\\domains\\blog\\vendor\\laravel\\framework\\src\\Illuminate\\Foundation\\Http\\Middleware\\ValidatePostSize.php(27): Illuminate\\Pipeline\\Pipeline->Illuminate\\Pipeline\\{closure}()
#29 D:\\OpenServer\\domains\\blog\\vendor\\laravel\\framework\\src\\Illuminate\\Pipeline\\Pipeline.php(167): Illuminate\\Foundation\\Http\\Middleware\\ValidatePostSize->handle()
#30 D:\\OpenServer\\domains\\blog\\vendor\\laravel\\framework\\src\\Illuminate\\Foundation\\Http\\Middleware\\PreventRequestsDuringMaintenance.php(86): Illuminate\\Pipeline\\Pipeline->Illuminate\\Pipeline\\{closure}()
#31 D:\\OpenServer\\domains\\blog\\vendor\\laravel\\framework\\src\\Illuminate\\Pipeline\\Pipeline.php(167): Illuminate\\Foundation\\Http\\Middleware\\PreventRequestsDuringMaintenance->handle()
#32 D:\\OpenServer\\domains\\blog\\vendor\\fruitcake\\laravel-cors\\src\\HandleCors.php(37): Illuminate\\Pipeline\\Pipeline->Illuminate\\Pipeline\\{closure}()
#33 D:\\OpenServer\\domains\\blog\\vendor\\laravel\\framework\\src\\Illuminate\\Pipeline\\Pipeline.php(167): Fruitcake\\Cors\\HandleCors->handle()
#34 D:\\OpenServer\\domains\\blog\\vendor\\fideloper\\proxy\\src\\TrustProxies.php(57): Illuminate\\Pipeline\\Pipeline->Illuminate\\Pipeline\\{closure}()
#35 D:\\OpenServer\\domains\\blog\\vendor\\laravel\\framework\\src\\Illuminate\\Pipeline\\Pipeline.php(167): Fideloper\\Proxy\\TrustProxies->handle()
#36 D:\\OpenServer\\domains\\blog\\vendor\\laravel\\framework\\src\\Illuminate\\Pipeline\\Pipeline.php(103): Illuminate\\Pipeline\\Pipeline->Illuminate\\Pipeline\\{closure}()
#37 D:\\OpenServer\\domains\\blog\\vendor\\laravel\\framework\\src\\Illuminate\\Foundation\\Http\\Kernel.php(141): Illuminate\\Pipeline\\Pipeline->then()
#38 D:\\OpenServer\\domains\\blog\\vendor\\laravel\\framework\\src\\Illuminate\\Foundation\\Http\\Kernel.php(110): Illuminate\\Foundation\\Http\\Kernel->sendRequestThroughRouter()
#39 D:\\OpenServer\\domains\\blog\\public\\index.php(52): Illuminate\\Foundation\\Http\\Kernel->handle()
#40 {main}
"} 
[2021-02-26 07:07:02] local.ERROR: SQLSTATE[42S21]: Column already exists: 1060 Duplicate column name 'password' (SQL: create table `users` (`id` bigint unsigned not null auto_increment primary key, `name` varchar(255) not null, `email` varchar(255) not null, `email_verified_at` timestamp null, `password` varchar(255) not null, `remember_token` varchar(100) null, `created_at` timestamp null, `updated_at` timestamp null, `password` varchar(60) not null, `role` enum('admin', 'author', 'subscriber') not null default 'author', `remember_token` varchar(100) null) default character set utf8mb4 collate 'utf8mb4_unicode_ci') {"exception":"[object] (Illuminate\\Database\\QueryException(code: 42S21): SQLSTATE[42S21]: Column already exists: 1060 Duplicate column name 'password' (SQL: create table `users` (`id` bigint unsigned not null auto_increment primary key, `name` varchar(255) not null, `email` varchar(255) not null, `email_verified_at` timestamp null, `password` varchar(255) not null, `remember_token` varchar(100) null, `created_at` timestamp null, `updated_at` timestamp null, `password` varchar(60) not null, `role` enum('admin', 'author', 'subscriber') not null default 'author', `remember_token` varchar(100) null) default character set utf8mb4 collate 'utf8mb4_unicode_ci') at D:\\OpenServer\\domains\\blog\\vendor\\laravel\\framework\\src\\Illuminate\\Database\\Connection.php:678)
[stacktrace]
#0 D:\\OpenServer\\domains\\blog\\vendor\\laravel\\framework\\src\\Illuminate\\Database\\Connection.php(638): Illuminate\\Database\\Connection->runQueryCallback()
#1 D:\\OpenServer\\domains\\blog\\vendor\\laravel\\framework\\src\\Illuminate\\Database\\Connection.php(472): Illuminate\\Database\\Connection->run()
#2 D:\\OpenServer\\domains\\blog\\vendor\\laravel\\framework\\src\\Illuminate\\Database\\Schema\\Blueprint.php(109): Illuminate\\Database\\Connection->statement()
#3 D:\\OpenServer\\domains\\blog\\vendor\\laravel\\framework\\src\\Illuminate\\Database\\Schema\\Builder.php(359): Illuminate\\Database\\Schema\\Blueprint->build()
#4 D:\\OpenServer\\domains\\blog\\vendor\\laravel\\framework\\src\\Illuminate\\Database\\Schema\\Builder.php(222): Illuminate\\Database\\Schema\\Builder->build()
#5 D:\\OpenServer\\domains\\blog\\vendor\\laravel\\framework\\src\\Illuminate\\Support\\Facades\\Facade.php(261): Illuminate\\Database\\Schema\\Builder->create()
#6 D:\\OpenServer\\domains\\blog\\database\\migrations\\2014_10_12_000000_create_users_table.php(30): Illuminate\\Support\\Facades\\Facade::__callStatic()
#7 D:\\OpenServer\\domains\\blog\\vendor\\laravel\\framework\\src\\Illuminate\\Database\\Migrations\\Migrator.php(392): CreateUsersTable->up()
#8 D:\\OpenServer\\domains\\blog\\vendor\\laravel\\framework\\src\\Illuminate\\Database\\Migrations\\Migrator.php(401): Illuminate\\Database\\Migrations\\Migrator->Illuminate\\Database\\Migrations\\{closure}()
#9 D:\\OpenServer\\domains\\blog\\vendor\\laravel\\framework\\src\\Illuminate\\Database\\Migrations\\Migrator.php(200): Illuminate\\Database\\Migrations\\Migrator->runMigration()
#10 D:\\OpenServer\\domains\\blog\\vendor\\laravel\\framework\\src\\Illuminate\\Database\\Migrations\\Migrator.php(165): Illuminate\\Database\\Migrations\\Migrator->runUp()
#11 D:\\OpenServer\\domains\\blog\\vendor\\laravel\\framework\\src\\Illuminate\\Database\\Migrations\\Migrator.php(110): Illuminate\\Database\\Migrations\\Migrator->runPending()
#12 D:\\OpenServer\\domains\\blog\\vendor\\laravel\\framework\\src\\Illuminate\\Database\\Console\\Migrations\\MigrateCommand.php(85): Illuminate\\Database\\Migrations\\Migrator->run()
#13 D:\\OpenServer\\domains\\blog\\vendor\\laravel\\framework\\src\\Illuminate\\Database\\Migrations\\Migrator.php(541): Illuminate\\Database\\Console\\Migrations\\MigrateCommand->Illuminate\\Database\\Console\\Migrations\\{closure}()
#14 D:\\OpenServer\\domains\\blog\\vendor\\laravel\\framework\\src\\Illuminate\\Database\\Console\\Migrations\\MigrateCommand.php(94): Illuminate\\Database\\Migrations\\Migrator->usingConnection()
#15 D:\\OpenServer\\domains\\blog\\vendor\\laravel\\framework\\src\\Illuminate\\Container\\BoundMethod.php(36): Illuminate\\Database\\Console\\Migrations\\MigrateCommand->handle()
#16 D:\\OpenServer\\domains\\blog\\vendor\\laravel\\framework\\src\\Illuminate\\Container\\Util.php(40): Illuminate\\Container\\BoundMethod::Illuminate\\Container\\{closure}()
#17 D:\\OpenServer\\domains\\blog\\vendor\\laravel\\framework\\src\\Illuminate\\Container\\BoundMethod.php(93): Illuminate\\Container\\Util::unwrapIfClosure()
#18 D:\\OpenServer\\domains\\blog\\vendor\\laravel\\framework\\src\\Illuminate\\Container\\BoundMethod.php(37): Illuminate\\Container\\BoundMethod::callBoundMethod()
#19 D:\\OpenServer\\domains\\blog\\vendor\\laravel\\framework\\src\\Illuminate\\Container\\Container.php(610): Illuminate\\Container\\BoundMethod::call()
#20 D:\\OpenServer\\domains\\blog\\vendor\\laravel\\framework\\src\\Illuminate\\Console\\Command.php(136): Illuminate\\Container\\Container->call()
#21 D:\\OpenServer\\domains\\blog\\vendor\\symfony\\console\\Command\\Command.php(256): Illuminate\\Console\\Command->execute()
#22 D:\\OpenServer\\domains\\blog\\vendor\\laravel\\framework\\src\\Illuminate\\Console\\Command.php(121): Symfony\\Component\\Console\\Command\\Command->run()
#23 D:\\OpenServer\\domains\\blog\\vendor\\symfony\\console\\Application.php(971): Illuminate\\Console\\Command->run()
#24 D:\\OpenServer\\domains\\blog\\vendor\\symfony\\console\\Application.php(290): Symfony\\Component\\Console\\Application->doRunCommand()
#25 D:\\OpenServer\\domains\\blog\\vendor\\symfony\\console\\Application.php(166): Symfony\\Component\\Console\\Application->doRun()
#26 D:\\OpenServer\\domains\\blog\\vendor\\laravel\\framework\\src\\Illuminate\\Console\\Application.php(93): Symfony\\Component\\Console\\Application->run()
#27 D:\\OpenServer\\domains\\blog\\vendor\\laravel\\framework\\src\\Illuminate\\Foundation\\Console\\Kernel.php(129): Illuminate\\Console\\Application->run()
#28 D:\\OpenServer\\domains\\blog\\artisan(37): Illuminate\\Foundation\\Console\\Kernel->handle()
#29 {main}

[previous exception] [object] (PDOException(code: 42S21): SQLSTATE[42S21]: Column already exists: 1060 Duplicate column name 'password' at D:\\OpenServer\\domains\\blog\\vendor\\laravel\\framework\\src\\Illuminate\\Database\\Connection.php:471)
[stacktrace]
#0 D:\\OpenServer\\domains\\blog\\vendor\\laravel\\framework\\src\\Illuminate\\Database\\Connection.php(471): PDOStatement->execute()
#1 D:\\OpenServer\\domains\\blog\\vendor\\laravel\\framework\\src\\Illuminate\\Database\\Connection.php(671): Illuminate\\Database\\Connection->Illuminate\\Database\\{closure}()
#2 D:\\OpenServer\\domains\\blog\\vendor\\laravel\\framework\\src\\Illuminate\\Database\\Connection.php(638): Illuminate\\Database\\Connection->runQueryCallback()
#3 D:\\OpenServer\\domains\\blog\\vendor\\laravel\\framework\\src\\Illuminate\\Database\\Connection.php(472): Illuminate\\Database\\Connection->run()
#4 D:\\OpenServer\\domains\\blog\\vendor\\laravel\\framework\\src\\Illuminate\\Database\\Schema\\Blueprint.php(109): Illuminate\\Database\\Connection->statement()
#5 D:\\OpenServer\\domains\\blog\\vendor\\laravel\\framework\\src\\Illuminate\\Database\\Schema\\Builder.php(359): Illuminate\\Database\\Schema\\Blueprint->build()
#6 D:\\OpenServer\\domains\\blog\\vendor\\laravel\\framework\\src\\Illuminate\\Database\\Schema\\Builder.php(222): Illuminate\\Database\\Schema\\Builder->build()
#7 D:\\OpenServer\\domains\\blog\\vendor\\laravel\\framework\\src\\Illuminate\\Support\\Facades\\Facade.php(261): Illuminate\\Database\\Schema\\Builder->create()
#8 D:\\OpenServer\\domains\\blog\\database\\migrations\\2014_10_12_000000_create_users_table.php(30): Illuminate\\Support\\Facades\\Facade::__callStatic()
#9 D:\\OpenServer\\domains\\blog\\vendor\\laravel\\framework\\src\\Illuminate\\Database\\Migrations\\Migrator.php(392): CreateUsersTable->up()
#10 D:\\OpenServer\\domains\\blog\\vendor\\laravel\\framework\\src\\Illuminate\\Database\\Migrations\\Migrator.php(401): Illuminate\\Database\\Migrations\\Migrator->Illuminate\\Database\\Migrations\\{closure}()
#11 D:\\OpenServer\\domains\\blog\\vendor\\laravel\\framework\\src\\Illuminate\\Database\\Migrations\\Migrator.php(200): Illuminate\\Database\\Migrations\\Migrator->runMigration()
#12 D:\\OpenServer\\domains\\blog\\vendor\\laravel\\framework\\src\\Illuminate\\Database\\Migrations\\Migrator.php(165): Illuminate\\Database\\Migrations\\Migrator->runUp()
#13 D:\\OpenServer\\domains\\blog\\vendor\\laravel\\framework\\src\\Illuminate\\Database\\Migrations\\Migrator.php(110): Illuminate\\Database\\Migrations\\Migrator->runPending()
#14 D:\\OpenServer\\domains\\blog\\vendor\\laravel\\framework\\src\\Illuminate\\Database\\Console\\Migrations\\MigrateCommand.php(85): Illuminate\\Database\\Migrations\\Migrator->run()
#15 D:\\OpenServer\\domains\\blog\\vendor\\laravel\\framework\\src\\Illuminate\\Database\\Migrations\\Migrator.php(541): Illuminate\\Database\\Console\\Migrations\\MigrateCommand->Illuminate\\Database\\Console\\Migrations\\{closure}()
#16 D:\\OpenServer\\domains\\blog\\vendor\\laravel\\framework\\src\\Illuminate\\Database\\Console\\Migrations\\MigrateCommand.php(94): Illuminate\\Database\\Migrations\\Migrator->usingConnection()
#17 D:\\OpenServer\\domains\\blog\\vendor\\laravel\\framework\\src\\Illuminate\\Container\\BoundMethod.php(36): Illuminate\\Database\\Console\\Migrations\\MigrateCommand->handle()
#18 D:\\OpenServer\\domains\\blog\\vendor\\laravel\\framework\\src\\Illuminate\\Container\\Util.php(40): Illuminate\\Container\\BoundMethod::Illuminate\\Container\\{closure}()
#19 D:\\OpenServer\\domains\\blog\\vendor\\laravel\\framework\\src\\Illuminate\\Container\\BoundMethod.php(93): Illuminate\\Container\\Util::unwrapIfClosure()
#20 D:\\OpenServer\\domains\\blog\\vendor\\laravel\\framework\\src\\Illuminate\\Container\\BoundMethod.php(37): Illuminate\\Container\\BoundMethod::callBoundMethod()
#21 D:\\OpenServer\\domains\\blog\\vendor\\laravel\\framework\\src\\Illuminate\\Container\\Container.php(610): Illuminate\\Container\\BoundMethod::call()
#22 D:\\OpenServer\\domains\\blog\\vendor\\laravel\\framework\\src\\Illuminate\\Console\\Command.php(136): Illuminate\\Container\\Container->call()
#23 D:\\OpenServer\\domains\\blog\\vendor\\symfony\\console\\Command\\Command.php(256): Illuminate\\Console\\Command->execute()
#24 D:\\OpenServer\\domains\\blog\\vendor\\laravel\\framework\\src\\Illuminate\\Console\\Command.php(121): Symfony\\Component\\Console\\Command\\Command->run()
#25 D:\\OpenServer\\domains\\blog\\vendor\\symfony\\console\\Application.php(971): Illuminate\\Console\\Command->run()
#26 D:\\OpenServer\\domains\\blog\\vendor\\symfony\\console\\Application.php(290): Symfony\\Component\\Console\\Application->doRunCommand()
#27 D:\\OpenServer\\domains\\blog\\vendor\\symfony\\console\\Application.php(166): Symfony\\Component\\Console\\Application->doRun()
#28 D:\\OpenServer\\domains\\blog\\vendor\\laravel\\framework\\src\\Illuminate\\Console\\Application.php(93): Symfony\\Component\\Console\\Application->run()
#29 D:\\OpenServer\\domains\\blog\\vendor\\laravel\\framework\\src\\Illuminate\\Foundation\\Console\\Kernel.php(129): Illuminate\\Console\\Application->run()
#30 D:\\OpenServer\\domains\\blog\\artisan(37): Illuminate\\Foundation\\Console\\Kernel->handle()
#31 {main}
"} 
[2021-02-26 09:31:45] testing.ERROR: Target class [PostController] does not exist. {"exception":"[object] (Illuminate\\Contracts\\Container\\BindingResolutionException(code: 0): Target class [PostController] does not exist. at D:\\OpenServer\\domains\\blog\\vendor\\laravel\\framework\\src\\Illuminate\\Container\\Container.php:832)
[stacktrace]
#0 D:\\OpenServer\\domains\\blog\\vendor\\laravel\\framework\\src\\Illuminate\\Container\\Container.php(712): Illuminate\\Container\\Container->build()
#1 D:\\OpenServer\\domains\\blog\\vendor\\laravel\\framework\\src\\Illuminate\\Foundation\\Application.php(841): Illuminate\\Container\\Container->resolve()
#2 D:\\OpenServer\\domains\\blog\\vendor\\laravel\\framework\\src\\Illuminate\\Container\\Container.php(651): Illuminate\\Foundation\\Application->resolve()
#3 D:\\OpenServer\\domains\\blog\\vendor\\laravel\\framework\\src\\Illuminate\\Foundation\\Application.php(826): Illuminate\\Container\\Container->make()
#4 D:\\OpenServer\\domains\\blog\\vendor\\laravel\\framework\\src\\Illuminate\\Routing\\Route.php(268): Illuminate\\Foundation\\Application->make()
#5 D:\\OpenServer\\domains\\blog\\vendor\\laravel\\framework\\src\\Illuminate\\Routing\\Route.php(1019): Illuminate\\Routing\\Route->getController()
#6 D:\\OpenServer\\domains\\blog\\vendor\\laravel\\framework\\src\\Illuminate\\Routing\\Route.php(980): Illuminate\\Routing\\Route->controllerMiddleware()
#7 D:\\OpenServer\\domains\\blog\\vendor\\laravel\\framework\\src\\Illuminate\\Routing\\Router.php(710): Illuminate\\Routing\\Route->gatherMiddleware()
#8 D:\\OpenServer\\domains\\blog\\vendor\\laravel\\framework\\src\\Illuminate\\Routing\\Router.php(686): Illuminate\\Routing\\Router->gatherRouteMiddleware()
#9 D:\\OpenServer\\domains\\blog\\vendor\\laravel\\framework\\src\\Illuminate\\Routing\\Router.php(670): Illuminate\\Routing\\Router->runRouteWithinStack()
#10 D:\\OpenServer\\domains\\blog\\vendor\\laravel\\framework\\src\\Illuminate\\Routing\\Router.php(636): Illuminate\\Routing\\Router->runRoute()
#11 D:\\OpenServer\\domains\\blog\\vendor\\laravel\\framework\\src\\Illuminate\\Routing\\Router.php(625): Illuminate\\Routing\\Router->dispatchToRoute()
#12 D:\\OpenServer\\domains\\blog\\vendor\\laravel\\framework\\src\\Illuminate\\Foundation\\Http\\Kernel.php(166): Illuminate\\Routing\\Router->dispatch()
#13 D:\\OpenServer\\domains\\blog\\vendor\\laravel\\framework\\src\\Illuminate\\Pipeline\\Pipeline.php(128): Illuminate\\Foundation\\Http\\Kernel->Illuminate\\Foundation\\Http\\{closure}()
#14 D:\\OpenServer\\domains\\blog\\vendor\\laravel\\framework\\src\\Illuminate\\Foundation\\Http\\Middleware\\TransformsRequest.php(21): Illuminate\\Pipeline\\Pipeline->Illuminate\\Pipeline\\{closure}()
#15 D:\\OpenServer\\domains\\blog\\vendor\\laravel\\framework\\src\\Illuminate\\Pipeline\\Pipeline.php(167): Illuminate\\Foundation\\Http\\Middleware\\TransformsRequest->handle()
#16 D:\\OpenServer\\domains\\blog\\vendor\\laravel\\framework\\src\\Illuminate\\Foundation\\Http\\Middleware\\TransformsRequest.php(21): Illuminate\\Pipeline\\Pipeline->Illuminate\\Pipeline\\{closure}()
#17 D:\\OpenServer\\domains\\blog\\vendor\\laravel\\framework\\src\\Illuminate\\Pipeline\\Pipeline.php(167): Illuminate\\Foundation\\Http\\Middleware\\TransformsRequest->handle()
#18 D:\\OpenServer\\domains\\blog\\vendor\\laravel\\framework\\src\\Illuminate\\Foundation\\Http\\Middleware\\ValidatePostSize.php(27): Illuminate\\Pipeline\\Pipeline->Illuminate\\Pipeline\\{closure}()
#19 D:\\OpenServer\\domains\\blog\\vendor\\laravel\\framework\\src\\Illuminate\\Pipeline\\Pipeline.php(167): Illuminate\\Foundation\\Http\\Middleware\\ValidatePostSize->handle()
#20 D:\\OpenServer\\domains\\blog\\vendor\\laravel\\framework\\src\\Illuminate\\Foundation\\Http\\Middleware\\PreventRequestsDuringMaintenance.php(86): Illuminate\\Pipeline\\Pipeline->Illuminate\\Pipeline\\{closure}()
#21 D:\\OpenServer\\domains\\blog\\vendor\\laravel\\framework\\src\\Illuminate\\Pipeline\\Pipeline.php(167): Illuminate\\Foundation\\Http\\Middleware\\PreventRequestsDuringMaintenance->handle()
#22 D:\\OpenServer\\domains\\blog\\vendor\\fruitcake\\laravel-cors\\src\\HandleCors.php(37): Illuminate\\Pipeline\\Pipeline->Illuminate\\Pipeline\\{closure}()
#23 D:\\OpenServer\\domains\\blog\\vendor\\laravel\\framework\\src\\Illuminate\\Pipeline\\Pipeline.php(167): Fruitcake\\Cors\\HandleCors->handle()
#24 D:\\OpenServer\\domains\\blog\\vendor\\fideloper\\proxy\\src\\TrustProxies.php(57): Illuminate\\Pipeline\\Pipeline->Illuminate\\Pipeline\\{closure}()
#25 D:\\OpenServer\\domains\\blog\\vendor\\laravel\\framework\\src\\Illuminate\\Pipeline\\Pipeline.php(167): Fideloper\\Proxy\\TrustProxies->handle()
#26 D:\\OpenServer\\domains\\blog\\vendor\\laravel\\framework\\src\\Illuminate\\Pipeline\\Pipeline.php(103): Illuminate\\Pipeline\\Pipeline->Illuminate\\Pipeline\\{closure}()
#27 D:\\OpenServer\\domains\\blog\\vendor\\laravel\\framework\\src\\Illuminate\\Foundation\\Http\\Kernel.php(141): Illuminate\\Pipeline\\Pipeline->then()
#28 D:\\OpenServer\\domains\\blog\\vendor\\laravel\\framework\\src\\Illuminate\\Foundation\\Http\\Kernel.php(110): Illuminate\\Foundation\\Http\\Kernel->sendRequestThroughRouter()
#29 D:\\OpenServer\\domains\\blog\\vendor\\laravel\\framework\\src\\Illuminate\\Foundation\\Testing\\Concerns\\MakesHttpRequests.php(508): Illuminate\\Foundation\\Http\\Kernel->handle()
#30 D:\\OpenServer\\domains\\blog\\vendor\\laravel\\framework\\src\\Illuminate\\Foundation\\Testing\\Concerns\\MakesHttpRequests.php(292): Illuminate\\Foundation\\Testing\\TestCase->call()
#31 D:\\OpenServer\\domains\\blog\\tests\\Feature\\ExampleTest.php(17): Illuminate\\Foundation\\Testing\\TestCase->get()
#32 D:\\OpenServer\\domains\\blog\\vendor\\phpunit\\phpunit\\src\\Framework\\TestCase.php(1526): Tests\\Feature\\ExampleTest->testBasicTest()
#33 D:\\OpenServer\\domains\\blog\\vendor\\phpunit\\phpunit\\src\\Framework\\TestCase.php(1132): PHPUnit\\Framework\\TestCase->runTest()
#34 D:\\OpenServer\\domains\\blog\\vendor\\phpunit\\phpunit\\src\\Framework\\TestResult.php(722): PHPUnit\\Framework\\TestCase->runBare()
#35 D:\\OpenServer\\domains\\blog\\vendor\\phpunit\\phpunit\\src\\Framework\\TestCase.php(884): PHPUnit\\Framework\\TestResult->run()
#36 D:\\OpenServer\\domains\\blog\\vendor\\phpunit\\phpunit\\src\\Framework\\TestSuite.php(677): PHPUnit\\Framework\\TestCase->run()
#37 D:\\OpenServer\\domains\\blog\\vendor\\phpunit\\phpunit\\src\\Framework\\TestSuite.php(677): PHPUnit\\Framework\\TestSuite->run()
#38 D:\\OpenServer\\domains\\blog\\vendor\\phpunit\\phpunit\\src\\Framework\\TestSuite.php(677): PHPUnit\\Framework\\TestSuite->run()
#39 D:\\OpenServer\\domains\\blog\\vendor\\phpunit\\phpunit\\src\\TextUI\\TestRunner.php(667): PHPUnit\\Framework\\TestSuite->run()
#40 D:\\OpenServer\\domains\\blog\\vendor\\phpunit\\phpunit\\src\\TextUI\\Command.php(142): PHPUnit\\TextUI\\TestRunner->run()
#41 D:\\OpenServer\\domains\\blog\\vendor\\phpunit\\phpunit\\src\\TextUI\\Command.php(95): PHPUnit\\TextUI\\Command->run()
#42 D:\\OpenServer\\domains\\blog\\vendor\\phpunit\\phpunit\\phpunit(61): PHPUnit\\TextUI\\Command::main()
#43 {main}

[previous exception] [object] (ReflectionException(code: -1): Class PostController does not exist at D:\\OpenServer\\domains\\blog\\vendor\\laravel\\framework\\src\\Illuminate\\Container\\Container.php:830)
[stacktrace]
#0 D:\\OpenServer\\domains\\blog\\vendor\\laravel\\framework\\src\\Illuminate\\Container\\Container.php(830): ReflectionClass->__construct()
#1 D:\\OpenServer\\domains\\blog\\vendor\\laravel\\framework\\src\\Illuminate\\Container\\Container.php(712): Illuminate\\Container\\Container->build()
#2 D:\\OpenServer\\domains\\blog\\vendor\\laravel\\framework\\src\\Illuminate\\Foundation\\Application.php(841): Illuminate\\Container\\Container->resolve()
#3 D:\\OpenServer\\domains\\blog\\vendor\\laravel\\framework\\src\\Illuminate\\Container\\Container.php(651): Illuminate\\Foundation\\Application->resolve()
#4 D:\\OpenServer\\domains\\blog\\vendor\\laravel\\framework\\src\\Illuminate\\Foundation\\Application.php(826): Illuminate\\Container\\Container->make()
#5 D:\\OpenServer\\domains\\blog\\vendor\\laravel\\framework\\src\\Illuminate\\Routing\\Route.php(268): Illuminate\\Foundation\\Application->make()
#6 D:\\OpenServer\\domains\\blog\\vendor\\laravel\\framework\\src\\Illuminate\\Routing\\Route.php(1019): Illuminate\\Routing\\Route->getController()
#7 D:\\OpenServer\\domains\\blog\\vendor\\laravel\\framework\\src\\Illuminate\\Routing\\Route.php(980): Illuminate\\Routing\\Route->controllerMiddleware()
#8 D:\\OpenServer\\domains\\blog\\vendor\\laravel\\framework\\src\\Illuminate\\Routing\\Router.php(710): Illuminate\\Routing\\Route->gatherMiddleware()
#9 D:\\OpenServer\\domains\\blog\\vendor\\laravel\\framework\\src\\Illuminate\\Routing\\Router.php(686): Illuminate\\Routing\\Router->gatherRouteMiddleware()
#10 D:\\OpenServer\\domains\\blog\\vendor\\laravel\\framework\\src\\Illuminate\\Routing\\Router.php(670): Illuminate\\Routing\\Router->runRouteWithinStack()
#11 D:\\OpenServer\\domains\\blog\\vendor\\laravel\\framework\\src\\Illuminate\\Routing\\Router.php(636): Illuminate\\Routing\\Router->runRoute()
#12 D:\\OpenServer\\domains\\blog\\vendor\\laravel\\framework\\src\\Illuminate\\Routing\\Router.php(625): Illuminate\\Routing\\Router->dispatchToRoute()
#13 D:\\OpenServer\\domains\\blog\\vendor\\laravel\\framework\\src\\Illuminate\\Foundation\\Http\\Kernel.php(166): Illuminate\\Routing\\Router->dispatch()
#14 D:\\OpenServer\\domains\\blog\\vendor\\laravel\\framework\\src\\Illuminate\\Pipeline\\Pipeline.php(128): Illuminate\\Foundation\\Http\\Kernel->Illuminate\\Foundation\\Http\\{closure}()
#15 D:\\OpenServer\\domains\\blog\\vendor\\laravel\\framework\\src\\Illuminate\\Foundation\\Http\\Middleware\\TransformsRequest.php(21): Illuminate\\Pipeline\\Pipeline->Illuminate\\Pipeline\\{closure}()
#16 D:\\OpenServer\\domains\\blog\\vendor\\laravel\\framework\\src\\Illuminate\\Pipeline\\Pipeline.php(167): Illuminate\\Foundation\\Http\\Middleware\\TransformsRequest->handle()
#17 D:\\OpenServer\\domains\\blog\\vendor\\laravel\\framework\\src\\Illuminate\\Foundation\\Http\\Middleware\\TransformsRequest.php(21): Illuminate\\Pipeline\\Pipeline->Illuminate\\Pipeline\\{closure}()
#18 D:\\OpenServer\\domains\\blog\\vendor\\laravel\\framework\\src\\Illuminate\\Pipeline\\Pipeline.php(167): Illuminate\\Foundation\\Http\\Middleware\\TransformsRequest->handle()
#19 D:\\OpenServer\\domains\\blog\\vendor\\laravel\\framework\\src\\Illuminate\\Foundation\\Http\\Middleware\\ValidatePostSize.php(27): Illuminate\\Pipeline\\Pipeline->Illuminate\\Pipeline\\{closure}()
#20 D:\\OpenServer\\domains\\blog\\vendor\\laravel\\framework\\src\\Illuminate\\Pipeline\\Pipeline.php(167): Illuminate\\Foundation\\Http\\Middleware\\ValidatePostSize->handle()
#21 D:\\OpenServer\\domains\\blog\\vendor\\laravel\\framework\\src\\Illuminate\\Foundation\\Http\\Middleware\\PreventRequestsDuringMaintenance.php(86): Illuminate\\Pipeline\\Pipeline->Illuminate\\Pipeline\\{closure}()
#22 D:\\OpenServer\\domains\\blog\\vendor\\laravel\\framework\\src\\Illuminate\\Pipeline\\Pipeline.php(167): Illuminate\\Foundation\\Http\\Middleware\\PreventRequestsDuringMaintenance->handle()
#23 D:\\OpenServer\\domains\\blog\\vendor\\fruitcake\\laravel-cors\\src\\HandleCors.php(37): Illuminate\\Pipeline\\Pipeline->Illuminate\\Pipeline\\{closure}()
#24 D:\\OpenServer\\domains\\blog\\vendor\\laravel\\framework\\src\\Illuminate\\Pipeline\\Pipeline.php(167): Fruitcake\\Cors\\HandleCors->handle()
#25 D:\\OpenServer\\domains\\blog\\vendor\\fideloper\\proxy\\src\\TrustProxies.php(57): Illuminate\\Pipeline\\Pipeline->Illuminate\\Pipeline\\{closure}()
#26 D:\\OpenServer\\domains\\blog\\vendor\\laravel\\framework\\src\\Illuminate\\Pipeline\\Pipeline.php(167): Fideloper\\Proxy\\TrustProxies->handle()
#27 D:\\OpenServer\\domains\\blog\\vendor\\laravel\\framework\\src\\Illuminate\\Pipeline\\Pipeline.php(103): Illuminate\\Pipeline\\Pipeline->Illuminate\\Pipeline\\{closure}()
#28 D:\\OpenServer\\domains\\blog\\vendor\\laravel\\framework\\src\\Illuminate\\Foundation\\Http\\Kernel.php(141): Illuminate\\Pipeline\\Pipeline->then()
#29 D:\\OpenServer\\domains\\blog\\vendor\\laravel\\framework\\src\\Illuminate\\Foundation\\Http\\Kernel.php(110): Illuminate\\Foundation\\Http\\Kernel->sendRequestThroughRouter()
#30 D:\\OpenServer\\domains\\blog\\vendor\\laravel\\framework\\src\\Illuminate\\Foundation\\Testing\\Concerns\\MakesHttpRequests.php(508): Illuminate\\Foundation\\Http\\Kernel->handle()
#31 D:\\OpenServer\\domains\\blog\\vendor\\laravel\\framework\\src\\Illuminate\\Foundation\\Testing\\Concerns\\MakesHttpRequests.php(292): Illuminate\\Foundation\\Testing\\TestCase->call()
#32 D:\\OpenServer\\domains\\blog\\tests\\Feature\\ExampleTest.php(17): Illuminate\\Foundation\\Testing\\TestCase->get()
#33 D:\\OpenServer\\domains\\blog\\vendor\\phpunit\\phpunit\\src\\Framework\\TestCase.php(1526): Tests\\Feature\\ExampleTest->testBasicTest()
#34 D:\\OpenServer\\domains\\blog\\vendor\\phpunit\\phpunit\\src\\Framework\\TestCase.php(1132): PHPUnit\\Framework\\TestCase->runTest()
#35 D:\\OpenServer\\domains\\blog\\vendor\\phpunit\\phpunit\\src\\Framework\\TestResult.php(722): PHPUnit\\Framework\\TestCase->runBare()
#36 D:\\OpenServer\\domains\\blog\\vendor\\phpunit\\phpunit\\src\\Framework\\TestCase.php(884): PHPUnit\\Framework\\TestResult->run()
#37 D:\\OpenServer\\domains\\blog\\vendor\\phpunit\\phpunit\\src\\Framework\\TestSuite.php(677): PHPUnit\\Framework\\TestCase->run()
#38 D:\\OpenServer\\domains\\blog\\vendor\\phpunit\\phpunit\\src\\Framework\\TestSuite.php(677): PHPUnit\\Framework\\TestSuite->run()
#39 D:\\OpenServer\\domains\\blog\\vendor\\phpunit\\phpunit\\src\\Framework\\TestSuite.php(677): PHPUnit\\Framework\\TestSuite->run()
#40 D:\\OpenServer\\domains\\blog\\vendor\\phpunit\\phpunit\\src\\TextUI\\TestRunner.php(667): PHPUnit\\Framework\\TestSuite->run()
#41 D:\\OpenServer\\domains\\blog\\vendor\\phpunit\\phpunit\\src\\TextUI\\Command.php(142): PHPUnit\\TextUI\\TestRunner->run()
#42 D:\\OpenServer\\domains\\blog\\vendor\\phpunit\\phpunit\\src\\TextUI\\Command.php(95): PHPUnit\\TextUI\\Command->run()
#43 D:\\OpenServer\\domains\\blog\\vendor\\phpunit\\phpunit\\phpunit(61): PHPUnit\\TextUI\\Command::main()
#44 {main}
"} 
